<?xml version="1.0" encoding="UTF-8"?>
<!-- Generated by org.testng.reporters.JUnitXMLReporter -->
<testsuite hostname="Mathur" ignored="0" name="Test" tests="4" failures="1" timestamp="05 Dec 2019 17:58:25 GMT" time="67.084" errors="0">
  <testcase name="enterSearchText" time="1.538" classname="yandex_TestCases.YandexSearchHomePageTest"/>
  <testcase name="verifyNavigation" time="0.431" classname="yandex_TestCases.YandexSearchHomePageTest"/>
  <testcase name="verifySearch" time="5.415" classname="yandex_TestCases.YandexSearchHomePageTest"/>
  <testcase name="verifyingTheVideoFeed" time="2.982" classname="yandex_TestCases.YandexSearchHomePageTest">
    <failure type="java.lang.AssertionError" message="expected [false] but found [true]">
      <![CDATA[java.lang.AssertionError: expected [false] but found [true]
at yandex_Pages.YandexVideoSearchResultPage.clickOnVideo(YandexVideoSearchResultPage.java:30)
at yandex_TestCases.YandexSearchHomePageTest.verifyingTheVideoFeed(YandexSearchHomePageTest.java:63)
... Removed 29 stack frames]]>
    </failure>
  </testcase> <!-- verifyingTheVideoFeed -->
</testsuite> <!-- Test -->
